2024-08-14 23:19:47,706 - INFO - ------------------New logging session for face recognition ------------------
2024-08-14 23:19:47,707 - INFO - Face recognition script started...
2024-08-14 23:19:47,707 - INFO - Loading face encodings...
2024-08-14 23:21:30,097 - INFO - ------------------New logging session for encoding ------------------
2024-08-14 23:21:30,269 - INFO - Encoding image...
2024-08-14 23:21:35,576 - INFO - Encodings saved to face_encodings.pkl
2024-08-14 23:21:52,840 - INFO - ------------------New logging session for face recognition ------------------
2024-08-14 23:21:52,840 - INFO - Face recognition script started...
2024-08-14 23:21:52,840 - INFO - Loading face encodings...
2024-08-14 23:21:52,840 - INFO - Initializing webcam...
2024-08-14 23:22:00,647 - INFO - Checking for face...
2024-08-14 23:22:01,198 - INFO - Found face locations: [(77, 428, 263, 242)]
2024-08-14 23:22:01,674 - INFO - Found face encodings: [array([-0.16181394,  0.08190509,  0.02404429, -0.01435733, -0.07550623,
       -0.05373904, -0.02349489, -0.09388749,  0.12640029, -0.02574721,
        0.23170353, -0.07542332, -0.22841761, -0.08419605, -0.06725655,
        0.11847534, -0.16825287, -0.06426434, -0.06615882, -0.0626943 ,
        0.06261248,  0.00374402,  0.06318367,  0.10671979, -0.09492385,
       -0.35492969, -0.03940817, -0.16047551, -0.05561838, -0.06701515,
       -0.03474052,  0.07004803, -0.15167291, -0.05105023, -0.00512937,
        0.13077587, -0.00421478,  0.0211491 ,  0.21138869, -0.06545915,
       -0.13105582, -0.0282438 ,  0.05713426,  0.27251869,  0.17913049,
        0.09352334,  0.00484036, -0.04864946,  0.1174108 , -0.23646037,
        0.03512751,  0.12358095,  0.13666952, -0.03338261,  0.09292694,
       -0.16962437, -0.02444421,  0.0531734 , -0.12275928,  0.02139673,
       -0.02800163, -0.04547627, -0.02128075, -0.06747824,  0.25875205,
        0.09550393, -0.10832426, -0.02047649,  0.13146971, -0.15697904,
       -0.02543004,  0.0687542 , -0.13346086, -0.22002205, -0.30422056,
        0.0066126 ,  0.4201048 ,  0.11221289, -0.19472948,  0.00090583,
       -0.0618153 , -0.01250518,  0.11141119,  0.04394638, -0.12307156,
        0.04646143, -0.16186096,  0.0587164 ,  0.18308823, -0.07018895,
       -0.04603486,  0.19743574,  0.00561798,  0.08033149,  0.02350178,
       -0.0164919 , -0.03558353,  0.01325061, -0.1623901 ,  0.02669765,
        0.09483603, -0.05422192,  0.00579888,  0.04629571, -0.18178353,
       -0.02434953,  0.00064211, -0.03477791, -0.03734978,  0.01056924,
       -0.18160218, -0.05135614,  0.19571631, -0.2282251 ,  0.14615358,
        0.17196687, -0.02893798,  0.16352096,  0.07713804,  0.03449031,
       -0.00808236, -0.03623423, -0.13384496, -0.02521629,  0.12716538,
        0.00420211,  0.0969286 ,  0.01688677])]
2024-08-14 23:22:01,675 - INFO - Face recognized! WhatsApp stays open.
2024-08-14 23:22:01,675 - INFO - Releasing webcam...
2024-08-14 23:22:34,328 - INFO - ------------------New logging session for face recognition ------------------
2024-08-14 23:22:34,328 - INFO - Face recognition script started...
2024-08-14 23:22:34,328 - INFO - Loading face encodings...
2024-08-14 23:22:34,328 - INFO - Initializing webcam...
2024-08-14 23:22:42,598 - INFO - Checking for face...
2024-08-14 23:22:43,098 - INFO - Found face locations: [(96, 382, 225, 253)]
2024-08-14 23:22:43,555 - INFO - Found face encodings: [array([-0.11563255,  0.09704527,  0.0168903 , -0.02117857, -0.10297887,
       -0.05119734, -0.03250838, -0.06358764,  0.08899085, -0.04147955,
        0.23412809, -0.09675962, -0.2540746 , -0.03148849, -0.07949529,
        0.10389314, -0.20001678, -0.0605252 , -0.05591144, -0.0154028 ,
        0.1091882 , -0.00863003,  0.05089094,  0.09353371, -0.09828545,
       -0.35257119, -0.02291256, -0.09047019, -0.02655863, -0.0840456 ,
        0.01855519,  0.02485709, -0.14468631, -0.00382045, -0.0063588 ,
        0.12674446, -0.05766282, -0.04197278,  0.24865645, -0.06163419,
       -0.14053124, -0.03634417,  0.05489734,  0.25804529,  0.19470222,
        0.08853475,  0.00231958, -0.07597435,  0.11994843, -0.29518718,
        0.02356485,  0.13789913,  0.08577294,  0.01241041,  0.09952914,
       -0.15746908,  0.01182115,  0.08491628, -0.14999364,  0.01440878,
       -0.01064121, -0.04188317,  0.00680184, -0.1065449 ,  0.23962764,
        0.07415247, -0.11921742, -0.05964878,  0.11158457, -0.20197548,
       -0.08734532,  0.08150215, -0.0740747 , -0.22300737, -0.32688612,
       -0.00742013,  0.40891871,  0.17902099, -0.171335  , -0.00382161,
        0.0021919 , -0.03498582,  0.13862854,  0.0469363 , -0.12331162,
        0.01956722, -0.18004623,  0.0566558 ,  0.18588433, -0.05625626,
       -0.07794379,  0.19265912,  0.01456326,  0.08930267,  0.04021025,
       -0.00182126, -0.06690883,  0.03870036, -0.17028505,  0.03399973,
        0.10329215, -0.05872904,  0.01219628,  0.07570235, -0.14028209,
        0.03057716, -0.04011538, -0.04746266, -0.03589145, -0.00484467,
       -0.22019394, -0.00326873,  0.18306842, -0.25960338,  0.15695566,
        0.16266358,  0.00979063,  0.14725968,  0.12168112,  0.03347374,
       -0.00724472, -0.02277192, -0.16005325, -0.05094363,  0.07665233,
        0.01505301,  0.13007084,  0.00589125])]
2024-08-14 23:22:43,555 - INFO - Face recognized! WhatsApp stays open.
2024-08-14 23:22:43,555 - INFO - Releasing webcam...
